This is XeTeX, Version 3.14159265-2.6-0.999991 (TeX Live 2019) (preloaded format=xelatex 2019.9.16)  17 DEC 2019 12:05
entering extended mode
 restricted \write18 enabled.
 %&-line parsing enabled.
**im-data-hub.tex
(./im-data-hub.tex
LaTeX2e <2018-12-01>
(/Users/isaiahnyabuto/Library/TinyTeX/texmf-dist/tex/latex/base/book.cls
Document Class: book 2018/09/03 v1.4i Standard LaTeX document class
(/Users/isaiahnyabuto/Library/TinyTeX/texmf-dist/tex/latex/base/bk10.clo
File: bk10.clo 2018/09/03 v1.4i Standard LaTeX file (size option)
)
\c@part=\count80
\c@chapter=\count81
\c@section=\count82
\c@subsection=\count83
\c@subsubsection=\count84
\c@paragraph=\count85
\c@subparagraph=\count86
\c@figure=\count87
\c@table=\count88
\abovecaptionskip=\skip41
\belowcaptionskip=\skip42
\bibindent=\dimen102
) (/Users/isaiahnyabuto/Library/TinyTeX/texmf-dist/tex/latex/lm/lmodern.sty
Package: lmodern 2009/10/30 v1.6 Latin Modern Fonts
LaTeX Font Info:    Overwriting symbol font `operators' in version `normal'
(Font)                  OT1/cmr/m/n --> OT1/lmr/m/n on input line 22.
LaTeX Font Info:    Overwriting symbol font `letters' in version `normal'
(Font)                  OML/cmm/m/it --> OML/lmm/m/it on input line 23.
LaTeX Font Info:    Overwriting symbol font `symbols' in version `normal'
(Font)                  OMS/cmsy/m/n --> OMS/lmsy/m/n on input line 24.
LaTeX Font Info:    Overwriting symbol font `largesymbols' in version `normal'
(Font)                  OMX/cmex/m/n --> OMX/lmex/m/n on input line 25.
LaTeX Font Info:    Overwriting symbol font `operators' in version `bold'
(Font)                  OT1/cmr/bx/n --> OT1/lmr/bx/n on input line 26.
LaTeX Font Info:    Overwriting symbol font `letters' in version `bold'
(Font)                  OML/cmm/b/it --> OML/lmm/b/it on input line 27.
LaTeX Font Info:    Overwriting symbol font `symbols' in version `bold'
(Font)                  OMS/cmsy/b/n --> OMS/lmsy/b/n on input line 28.
LaTeX Font Info:    Overwriting symbol font `largesymbols' in version `bold'
(Font)                  OMX/cmex/m/n --> OMX/lmex/m/n on input line 29.
LaTeX Font Info:    Overwriting math alphabet `\mathbf' in version `normal'
(Font)                  OT1/cmr/bx/n --> OT1/lmr/bx/n on input line 31.
LaTeX Font Info:    Overwriting math alphabet `\mathsf' in version `normal'
(Font)                  OT1/cmss/m/n --> OT1/lmss/m/n on input line 32.
LaTeX Font Info:    Overwriting math alphabet `\mathit' in version `normal'
(Font)                  OT1/cmr/m/it --> OT1/lmr/m/it on input line 33.
LaTeX Font Info:    Overwriting math alphabet `\mathtt' in version `normal'
(Font)                  OT1/cmtt/m/n --> OT1/lmtt/m/n on input line 34.
LaTeX Font Info:    Overwriting math alphabet `\mathbf' in version `bold'
(Font)                  OT1/cmr/bx/n --> OT1/lmr/bx/n on input line 35.
LaTeX Font Info:    Overwriting math alphabet `\mathsf' in version `bold'
(Font)                  OT1/cmss/bx/n --> OT1/lmss/bx/n on input line 36.
LaTeX Font Info:    Overwriting math alphabet `\mathit' in version `bold'
(Font)                  OT1/cmr/bx/it --> OT1/lmr/bx/it on input line 37.
LaTeX Font Info:    Overwriting math alphabet `\mathtt' in version `bold'
(Font)                  OT1/cmtt/m/n --> OT1/lmtt/m/n on input line 38.
)
(/Users/isaiahnyabuto/Library/TinyTeX/texmf-dist/tex/latex/amsfonts/amssymb.sty
Package: amssymb 2013/01/14 v3.01 AMS font symbols

(/Users/isaiahnyabuto/Library/TinyTeX/texmf-dist/tex/latex/amsfonts/amsfonts.st
y
Package: amsfonts 2013/01/14 v3.01 Basic AMSFonts support
\@emptytoks=\toks14
\symAMSa=\mathgroup4
\symAMSb=\mathgroup5
LaTeX Font Info:    Overwriting math alphabet `\mathfrak' in version `bold'
(Font)                  U/euf/m/n --> U/euf/b/n on input line 106.
)) (/Users/isaiahnyabuto/Library/TinyTeX/texmf-dist/tex/latex/amsmath/amsmath.s
ty
Package: amsmath 2018/12/01 v2.17b AMS math features
\@mathmargin=\skip43
For additional information on amsmath, use the `?' option.
(/Users/isaiahnyabuto/Library/TinyTeX/texmf-dist/tex/latex/amsmath/amstext.sty
Package: amstext 2000/06/29 v2.01 AMS text
(/Users/isaiahnyabuto/Library/TinyTeX/texmf-dist/tex/latex/amsmath/amsgen.sty
File: amsgen.sty 1999/11/30 v2.0 generic functions
\@emptytoks=\toks15
\ex@=\dimen103
)) (/Users/isaiahnyabuto/Library/TinyTeX/texmf-dist/tex/latex/amsmath/amsbsy.st
y
Package: amsbsy 1999/11/29 v1.2d Bold Symbols
\pmbraise@=\dimen104
) (/Users/isaiahnyabuto/Library/TinyTeX/texmf-dist/tex/latex/amsmath/amsopn.sty
Package: amsopn 2016/03/08 v2.02 operator names
)
\inf@bad=\count89
LaTeX Info: Redefining \frac on input line 223.
\uproot@=\count90
\leftroot@=\count91
LaTeX Info: Redefining \overline on input line 385.
\classnum@=\count92
\DOTSCASE@=\count93
LaTeX Info: Redefining \ldots on input line 482.
LaTeX Info: Redefining \dots on input line 485.
LaTeX Info: Redefining \cdots on input line 606.
\Mathstrutbox@=\box27
\strutbox@=\box28
\big@size=\dimen105
LaTeX Font Info:    Redeclaring font encoding OML on input line 729.
LaTeX Font Info:    Redeclaring font encoding OMS on input line 730.
\macc@depth=\count94
\c@MaxMatrixCols=\count95
\dotsspace@=\muskip10
\c@parentequation=\count96
\dspbrk@lvl=\count97
\tag@help=\toks16
\row@=\count98
\column@=\count99
\maxfields@=\count100
\andhelp@=\toks17
\eqnshift@=\dimen106
\alignsep@=\dimen107
\tagshift@=\dimen108
\tagwidth@=\dimen109
\totwidth@=\dimen110
\lineht@=\dimen111
\@envbody=\toks18
\multlinegap=\skip44
\multlinetaggap=\skip45
\mathdisplay@stack=\toks19
LaTeX Info: Redefining \[ on input line 2844.
LaTeX Info: Redefining \] on input line 2845.
)
(/Users/isaiahnyabuto/Library/TinyTeX/texmf-dist/tex/generic/ifxetex/ifxetex.st
y
Package: ifxetex 2010/09/12 v0.6 Provides ifxetex conditional
)
(/Users/isaiahnyabuto/Library/TinyTeX/texmf-dist/tex/generic/oberdiek/ifluatex.
sty
Package: ifluatex 2016/05/16 v1.4 Provides the ifluatex switch (HO)
Package ifluatex Info: LuaTeX not detected.
) (/Users/isaiahnyabuto/Library/TinyTeX/texmf-dist/tex/latex/base/fixltx2e.sty
Package: fixltx2e 2016/12/29 v2.1a fixes to LaTeX (obsolete)
Applying: [2015/01/01] Old fixltx2e package on input line 46.

Package fixltx2e Warning: fixltx2e is not required with releases after 2015
(fixltx2e)                All fixes are now in the LaTeX kernel.
(fixltx2e)                See the latexrelease package for details.

Already applied: [0000/00/00] Old fixltx2e package on input line 53.
)
(/Users/isaiahnyabuto/Library/TinyTeX/texmf-dist/tex/latex/unicode-math/unicode
-math.sty (/Users/isaiahnyabuto/Library/TinyTeX/texmf-dist/tex/latex/l3kernel/e
xpl3.sty
Package: expl3 2019-09-08 L3 programming layer (loader) 

(/Users/isaiahnyabuto/Library/TinyTeX/texmf-dist/tex/latex/l3kernel/expl3-code.
tex
Package: expl3 2019-09-08 L3 programming layer (code)
\c_max_int=\count101
\l_tmpa_int=\count102
\l_tmpb_int=\count103
\g_tmpa_int=\count104
\g_tmpb_int=\count105
\g__kernel_prg_map_int=\count106
\c__ior_term_noprompt_ior=\count107
\c_log_iow=\count108
\l_iow_line_count_int=\count109
\l__iow_line_target_int=\count110
\l__iow_one_indent_int=\count111
\l__iow_indent_int=\count112
\c_zero_dim=\dimen112
\c_max_dim=\dimen113
\l_tmpa_dim=\dimen114
\l_tmpb_dim=\dimen115
\g_tmpa_dim=\dimen116
\g_tmpb_dim=\dimen117
\c_zero_skip=\skip46
\c_max_skip=\skip47
\l_tmpa_skip=\skip48
\l_tmpb_skip=\skip49
\g_tmpa_skip=\skip50
\g_tmpb_skip=\skip51
\c_zero_muskip=\muskip11
\c_max_muskip=\muskip12
\l_tmpa_muskip=\muskip13
\l_tmpb_muskip=\muskip14
\g_tmpa_muskip=\muskip15
\g_tmpb_muskip=\muskip16
\l_keys_choice_int=\count113
\l__intarray_loop_int=\count114
\c__intarray_sp_dim=\dimen118
\g__intarray_font_int=\count115
\c__fp_leading_shift_int=\count116
\c__fp_middle_shift_int=\count117
\c__fp_trailing_shift_int=\count118
\c__fp_big_leading_shift_int=\count119
\c__fp_big_middle_shift_int=\count120
\c__fp_big_trailing_shift_int=\count121
\c__fp_Bigg_leading_shift_int=\count122
\c__fp_Bigg_middle_shift_int=\count123
\c__fp_Bigg_trailing_shift_int=\count124
\g__fp_array_int=\count125
\l__fp_array_loop_int=\count126
\l__sort_length_int=\count127
\l__sort_min_int=\count128
\l__sort_top_int=\count129
\l__sort_max_int=\count130
\l__sort_true_max_int=\count131
\l__sort_block_int=\count132
\l__sort_begin_int=\count133
\l__sort_end_int=\count134
\l__sort_A_int=\count135
\l__sort_B_int=\count136
\l__sort_C_int=\count137
\l__str_internal_int=\count138
\l__tl_analysis_normal_int=\count139
\l__tl_analysis_index_int=\count140
\l__tl_analysis_nesting_int=\count141
\l__tl_analysis_type_int=\count142
\l__regex_internal_a_int=\count143
\l__regex_internal_b_int=\count144
\l__regex_internal_c_int=\count145
\l__regex_balance_int=\count146
\l__regex_group_level_int=\count147
\l__regex_mode_int=\count148
\c__regex_cs_in_class_mode_int=\count149
\c__regex_cs_mode_int=\count150
\l__regex_catcodes_int=\count151
\l__regex_default_catcodes_int=\count152
\c__regex_catcode_L_int=\count153
\c__regex_catcode_O_int=\count154
\c__regex_catcode_A_int=\count155
\c__regex_all_catcodes_int=\count156
\l__regex_show_lines_int=\count157
\l__regex_min_state_int=\count158
\l__regex_max_state_int=\count159
\l__regex_left_state_int=\count160
\l__regex_right_state_int=\count161
\l__regex_capturing_group_int=\count162
\l__regex_min_pos_int=\count163
\l__regex_max_pos_int=\count164
\l__regex_curr_pos_int=\count165
\l__regex_start_pos_int=\count166
\l__regex_success_pos_int=\count167
\l__regex_curr_char_int=\count168
\l__regex_curr_catcode_int=\count169
\l__regex_last_char_int=\count170
\l__regex_case_changed_char_int=\count171
\l__regex_curr_state_int=\count172
\l__regex_step_int=\count173
\l__regex_min_active_int=\count174
\l__regex_max_active_int=\count175
\l__regex_replacement_csnames_int=\count176
\l__regex_match_count_int=\count177
\l__regex_min_submatch_int=\count178
\l__regex_submatch_int=\count179
\l__regex_zeroth_submatch_int=\count180
\g__regex_trace_regex_int=\count181
\c_empty_box=\box29
\l_tmpa_box=\box30
\l_tmpb_box=\box31
\g_tmpa_box=\box32
\g_tmpb_box=\box33
\l__box_top_dim=\dimen119
\l__box_bottom_dim=\dimen120
\l__box_left_dim=\dimen121
\l__box_right_dim=\dimen122
\l__box_top_new_dim=\dimen123
\l__box_bottom_new_dim=\dimen124
\l__box_left_new_dim=\dimen125
\l__box_right_new_dim=\dimen126
\l__box_internal_box=\box34
\l__coffin_internal_box=\box35
\l__coffin_internal_dim=\dimen127
\l__coffin_offset_x_dim=\dimen128
\l__coffin_offset_y_dim=\dimen129
\l__coffin_x_dim=\dimen130
\l__coffin_y_dim=\dimen131
\l__coffin_x_prime_dim=\dimen132
\l__coffin_y_prime_dim=\dimen133
\c_empty_coffin=\box36
\l__coffin_aligned_coffin=\box37
\l__coffin_aligned_internal_coffin=\box38
\l_tmpa_coffin=\box39
\l_tmpb_coffin=\box40
\g_tmpa_coffin=\box41
\g_tmpb_coffin=\box42
\l__coffin_bounding_shift_dim=\dimen134
\l__coffin_left_corner_dim=\dimen135
\l__coffin_right_corner_dim=\dimen136
\l__coffin_bottom_corner_dim=\dimen137
\l__coffin_top_corner_dim=\dimen138
\l__coffin_scaled_total_height_dim=\dimen139
\l__coffin_scaled_width_dim=\dimen140
\c__coffin_empty_coffin=\box43
\l__coffin_display_coffin=\box44
\l__coffin_display_coord_coffin=\box45
\l__coffin_display_pole_coffin=\box46
\l__coffin_display_offset_dim=\dimen141
\l__coffin_display_x_dim=\dimen142
\l__coffin_display_y_dim=\dimen143
\g__char_data_ior=\read1
\l__seq_internal_a_int=\count182
\l__seq_internal_b_int=\count183
)
(/Users/isaiahnyabuto/Library/TinyTeX/texmf-dist/tex/latex/l3backend/l3backend-
xdvipdfmx.def
File: l3backend-xdvipdfmx.def 2019-04-06 v L3 backend support: xdvipdfmx
\g__graphics_track_int=\count184
\l__pdf_internal_box=\box47
\g__pdf_backend_object_int=\count185
\g__pdf_backend_annotation_int=\count186
))
Package: unicode-math 2019/03/04 v0.8o Unicode maths in XeLaTeX and LuaLaTeX

(/Users/isaiahnyabuto/Library/TinyTeX/texmf-dist/tex/latex/unicode-math/unicode
-math-xetex.sty
Package: unicode-math-xetex 2019/03/04 v0.8o Unicode maths in XeLaTeX and LuaLa
TeX

(/Users/isaiahnyabuto/Library/TinyTeX/texmf-dist/tex/latex/l3packages/xparse/xp
arse.sty
Package: xparse 2019-05-28 L3 Experimental document command parser
\l__xparse_current_arg_int=\count187
\g__xparse_grabber_int=\count188
\l__xparse_m_args_int=\count189
\l__xparse_v_nesting_int=\count190
)
(/Users/isaiahnyabuto/Library/TinyTeX/texmf-dist/tex/latex/l3packages/l3keys2e/
l3keys2e.sty
Package: l3keys2e 2019-05-28 LaTeX2e option processing using LaTeX3 keys
)
(/Users/isaiahnyabuto/Library/TinyTeX/texmf-dist/tex/latex/fontspec/fontspec.st
y
Package: fontspec 2019/03/15 v2.7c Font selection for XeLaTeX and LuaLaTeX

(/Users/isaiahnyabuto/Library/TinyTeX/texmf-dist/tex/latex/fontspec/fontspec-xe
tex.sty
Package: fontspec-xetex 2019/03/15 v2.7c Font selection for XeLaTeX and LuaLaTe
X
\l__fontspec_script_int=\count191
\l__fontspec_language_int=\count192
\l__fontspec_strnum_int=\count193
\l__fontspec_tmp_int=\count194
\l__fontspec_tmpa_int=\count195
\l__fontspec_tmpb_int=\count196
\l__fontspec_tmpc_int=\count197
\l__fontspec_em_int=\count198
\l__fontspec_emdef_int=\count199
\l__fontspec_strong_int=\count266
\l__fontspec_strongdef_int=\count267
\l__fontspec_tmpa_dim=\dimen144
\l__fontspec_tmpb_dim=\dimen145
\l__fontspec_tmpc_dim=\dimen146
(/Users/isaiahnyabuto/Library/TinyTeX/texmf-dist/tex/latex/base/fontenc.sty
Package: fontenc 2018/08/11 v2.0j Standard LaTeX package
(/Users/isaiahnyabuto/Library/TinyTeX/texmf-dist/tex/latex/base/tuenc.def
File: tuenc.def 2018/08/11 v2.0j Standard LaTeX file
LaTeX Font Info:    Redeclaring font encoding TU on input line 82.
))
(/Users/isaiahnyabuto/Library/TinyTeX/texmf-dist/tex/latex/fontspec/fontspec.cf
g)
LaTeX Info: Redefining \itshape on input line 4051.
LaTeX Info: Redefining \slshape on input line 4056.
LaTeX Info: Redefining \scshape on input line 4061.
LaTeX Info: Redefining \upshape on input line 4066.
LaTeX Info: Redefining \em on input line 4096.
LaTeX Info: Redefining \emph on input line 4121.
))
(/Users/isaiahnyabuto/Library/TinyTeX/texmf-dist/tex/latex/filehook/filehook.st
y
Package: filehook 2019/08/19 v0.5e Hooks for input files
) (/Users/isaiahnyabuto/Library/TinyTeX/texmf-dist/tex/latex/base/fix-cm.sty
Package: fix-cm 2015/01/14 v1.1t fixes to LaTeX
(/Users/isaiahnyabuto/Library/TinyTeX/texmf-dist/tex/latex/base/ts1enc.def
File: ts1enc.def 2001/06/05 v3.0e (jk/car/fm) Standard LaTeX file
))
\g__um_fam_int=\count268
\g__um_fonts_used_int=\count269
\l__um_primecount_int=\count270
\g__um_primekern_muskip=\muskip17

(/Users/isaiahnyabuto/Library/TinyTeX/texmf-dist/tex/latex/unicode-math/unicode
-math-table.tex)

Package unicode-math Info: I'm going to patch macro \subarray.


Package unicode-math Info: I'm going to patch macro \r@@t.

)) (/Users/isaiahnyabuto/Library/TinyTeX/texmf-dist/tex/latex/upquote/upquote.s
ty
Package: upquote 2012/04/19 v1.3 upright-quote and grave-accent glyphs in verba
tim
(/Users/isaiahnyabuto/Library/TinyTeX/texmf-dist/tex/latex/base/textcomp.sty
Package: textcomp 2018/08/11 v2.0j Standard LaTeX package
Package textcomp Info: Sub-encoding information:
(textcomp)               5 = only ISO-Adobe without \textcurrency
(textcomp)               4 = 5 + \texteuro
(textcomp)               3 = 4 + \textohm
(textcomp)               2 = 3 + \textestimated + \textcurrency
(textcomp)               1 = TS1 - \textcircled - \t
(textcomp)               0 = TS1 (full)
(textcomp)             Font families with sub-encoding setting implement
(textcomp)             only a restricted character set as indicated.
(textcomp)             Family '?' is the default used for unknown fonts.
(textcomp)             See the documentation for details.
Package textcomp Info: Setting ? sub-encoding to TS1/1 on input line 79.
(/Users/isaiahnyabuto/Library/TinyTeX/texmf-dist/tex/latex/base/ts1enc.def
File: ts1enc.def 2001/06/05 v3.0e (jk/car/fm) Standard LaTeX file
LaTeX Font Info:    Redeclaring font encoding TS1 on input line 47.
)
LaTeX Info: Redefining \oldstylenums on input line 334.
Package textcomp Info: Setting cmr sub-encoding to TS1/0 on input line 349.
Package textcomp Info: Setting cmss sub-encoding to TS1/0 on input line 350.
Package textcomp Info: Setting cmtt sub-encoding to TS1/0 on input line 351.
Package textcomp Info: Setting cmvtt sub-encoding to TS1/0 on input line 352.
Package textcomp Info: Setting cmbr sub-encoding to TS1/0 on input line 353.
Package textcomp Info: Setting cmtl sub-encoding to TS1/0 on input line 354.
Package textcomp Info: Setting ccr sub-encoding to TS1/0 on input line 355.
Package textcomp Info: Setting ptm sub-encoding to TS1/4 on input line 356.
Package textcomp Info: Setting pcr sub-encoding to TS1/4 on input line 357.
Package textcomp Info: Setting phv sub-encoding to TS1/4 on input line 358.
Package textcomp Info: Setting ppl sub-encoding to TS1/3 on input line 359.
Package textcomp Info: Setting pag sub-encoding to TS1/4 on input line 360.
Package textcomp Info: Setting pbk sub-encoding to TS1/4 on input line 361.
Package textcomp Info: Setting pnc sub-encoding to TS1/4 on input line 362.
Package textcomp Info: Setting pzc sub-encoding to TS1/4 on input line 363.
Package textcomp Info: Setting bch sub-encoding to TS1/4 on input line 364.
Package textcomp Info: Setting put sub-encoding to TS1/5 on input line 365.
Package textcomp Info: Setting uag sub-encoding to TS1/5 on input line 366.
Package textcomp Info: Setting ugq sub-encoding to TS1/5 on input line 367.
Package textcomp Info: Setting ul8 sub-encoding to TS1/4 on input line 368.
Package textcomp Info: Setting ul9 sub-encoding to TS1/4 on input line 369.
Package textcomp Info: Setting augie sub-encoding to TS1/5 on input line 370.
Package textcomp Info: Setting dayrom sub-encoding to TS1/3 on input line 371.
Package textcomp Info: Setting dayroms sub-encoding to TS1/3 on input line 372.

Package textcomp Info: Setting pxr sub-encoding to TS1/0 on input line 373.
Package textcomp Info: Setting pxss sub-encoding to TS1/0 on input line 374.
Package textcomp Info: Setting pxtt sub-encoding to TS1/0 on input line 375.
Package textcomp Info: Setting txr sub-encoding to TS1/0 on input line 376.
Package textcomp Info: Setting txss sub-encoding to TS1/0 on input line 377.
Package textcomp Info: Setting txtt sub-encoding to TS1/0 on input line 378.
Package textcomp Info: Setting lmr sub-encoding to TS1/0 on input line 379.
Package textcomp Info: Setting lmdh sub-encoding to TS1/0 on input line 380.
Package textcomp Info: Setting lmss sub-encoding to TS1/0 on input line 381.
Package textcomp Info: Setting lmssq sub-encoding to TS1/0 on input line 382.
Package textcomp Info: Setting lmvtt sub-encoding to TS1/0 on input line 383.
Package textcomp Info: Setting lmtt sub-encoding to TS1/0 on input line 384.
Package textcomp Info: Setting qhv sub-encoding to TS1/0 on input line 385.
Package textcomp Info: Setting qag sub-encoding to TS1/0 on input line 386.
Package textcomp Info: Setting qbk sub-encoding to TS1/0 on input line 387.
Package textcomp Info: Setting qcr sub-encoding to TS1/0 on input line 388.
Package textcomp Info: Setting qcs sub-encoding to TS1/0 on input line 389.
Package textcomp Info: Setting qpl sub-encoding to TS1/0 on input line 390.
Package textcomp Info: Setting qtm sub-encoding to TS1/0 on input line 391.
Package textcomp Info: Setting qzc sub-encoding to TS1/0 on input line 392.
Package textcomp Info: Setting qhvc sub-encoding to TS1/0 on input line 393.
Package textcomp Info: Setting futs sub-encoding to TS1/4 on input line 394.
Package textcomp Info: Setting futx sub-encoding to TS1/4 on input line 395.
Package textcomp Info: Setting futj sub-encoding to TS1/4 on input line 396.
Package textcomp Info: Setting hlh sub-encoding to TS1/3 on input line 397.
Package textcomp Info: Setting hls sub-encoding to TS1/3 on input line 398.
Package textcomp Info: Setting hlst sub-encoding to TS1/3 on input line 399.
Package textcomp Info: Setting hlct sub-encoding to TS1/5 on input line 400.
Package textcomp Info: Setting hlx sub-encoding to TS1/5 on input line 401.
Package textcomp Info: Setting hlce sub-encoding to TS1/5 on input line 402.
Package textcomp Info: Setting hlcn sub-encoding to TS1/5 on input line 403.
Package textcomp Info: Setting hlcw sub-encoding to TS1/5 on input line 404.
Package textcomp Info: Setting hlcf sub-encoding to TS1/5 on input line 405.
Package textcomp Info: Setting pplx sub-encoding to TS1/3 on input line 406.
Package textcomp Info: Setting pplj sub-encoding to TS1/3 on input line 407.
Package textcomp Info: Setting ptmx sub-encoding to TS1/4 on input line 408.
Package textcomp Info: Setting ptmj sub-encoding to TS1/4 on input line 409.
)) (/Users/isaiahnyabuto/Library/TinyTeX/texmf-dist/tex/latex/parskip/parskip.s
ty
Package: parskip 2019-01-16 v2.0c non-zero parskip adjustments

(/Users/isaiahnyabuto/Library/TinyTeX/texmf-dist/tex/latex/oberdiek/kvoptions.s
ty
Package: kvoptions 2016/05/16 v3.12 Key value format for package options (HO)
(/Users/isaiahnyabuto/Library/TinyTeX/texmf-dist/tex/latex/graphics/keyval.sty
Package: keyval 2014/10/28 v1.15 key=value parser (DPC)
\KV@toks@=\toks20
)
(/Users/isaiahnyabuto/Library/TinyTeX/texmf-dist/tex/generic/oberdiek/ltxcmds.s
ty
Package: ltxcmds 2016/05/16 v1.23 LaTeX kernel commands for general use (HO)
)
(/Users/isaiahnyabuto/Library/TinyTeX/texmf-dist/tex/generic/oberdiek/kvsetkeys
.sty
Package: kvsetkeys 2016/05/16 v1.17 Key value parser (HO)

(/Users/isaiahnyabuto/Library/TinyTeX/texmf-dist/tex/generic/oberdiek/infwarerr
.sty
Package: infwarerr 2016/05/16 v1.4 Providing info/warning/error messages (HO)
)
(/Users/isaiahnyabuto/Library/TinyTeX/texmf-dist/tex/generic/oberdiek/etexcmds.
sty
Package: etexcmds 2016/05/16 v1.6 Avoid name clashes with e-TeX commands (HO)
)))
(/Users/isaiahnyabuto/Library/TinyTeX/texmf-dist/tex/latex/etoolbox/etoolbox.st
y
Package: etoolbox 2019/09/09 v2.5g e-TeX tools for LaTeX (JAW)
\etb@tempcnta=\count271
))
(/Users/isaiahnyabuto/Library/TinyTeX/texmf-dist/tex/latex/hyperref/hyperref.st
y
Package: hyperref 2019/06/12 v6.88h Hypertext links for LaTeX

(/Users/isaiahnyabuto/Library/TinyTeX/texmf-dist/tex/generic/oberdiek/hobsub-hy
perref.sty
Package: hobsub-hyperref 2016/05/16 v1.14 Bundle oberdiek, subset hyperref (HO)


(/Users/isaiahnyabuto/Library/TinyTeX/texmf-dist/tex/generic/oberdiek/hobsub-ge
neric.sty
Package: hobsub-generic 2016/05/16 v1.14 Bundle oberdiek, subset generic (HO)
Package: hobsub 2016/05/16 v1.14 Construct package bundles (HO)
Package hobsub Info: Skipping package `infwarerr' (already loaded).
Package hobsub Info: Skipping package `ltxcmds' (already loaded).
Package hobsub Info: Skipping package `ifluatex' (already loaded).
Package: ifvtex 2016/05/16 v1.6 Detect VTeX and its facilities (HO)
Package ifvtex Info: VTeX not detected.
Package: intcalc 2016/05/16 v1.2 Expandable calculations with integers (HO)
Package: ifpdf 2018/09/07 v3.3 Provides the ifpdf switch
Package hobsub Info: Skipping package `etexcmds' (already loaded).
Package hobsub Info: Skipping package `kvsetkeys' (already loaded).
Package: kvdefinekeys 2016/05/16 v1.4 Define keys (HO)
Package: pdftexcmds 2019/07/25 v0.30 Utility functions of pdfTeX for LuaTeX (HO
)
Package pdftexcmds Info: LuaTeX not detected.
Package pdftexcmds Info: pdfTeX >= 1.30 not detected.
Package pdftexcmds Info: \pdf@primitive is available.
Package pdftexcmds Info: \pdf@ifprimitive is available.
Package pdftexcmds Info: \pdfdraftmode not found.
Package: pdfescape 2016/05/16 v1.14 Implements pdfTeX's escape features (HO)
Package: bigintcalc 2016/05/16 v1.4 Expandable calculations on big integers (HO
)
Package: bitset 2016/05/16 v1.2 Handle bit-vector datatype (HO)
Package: uniquecounter 2016/05/16 v1.3 Provide unlimited unique counter (HO)
)
Package hobsub Info: Skipping package `hobsub' (already loaded).
Package: letltxmacro 2016/05/16 v1.5 Let assignment for LaTeX macros (HO)
Package: hopatch 2016/05/16 v1.3 Wrapper for package hooks (HO)
Package: xcolor-patch 2016/05/16 xcolor patch
Package: atveryend 2016/05/16 v1.9 Hooks at the very end of document (HO)
Package: atbegshi 2016/06/09 v1.18 At begin shipout hook (HO)
Package: refcount 2016/05/16 v3.5 Data extraction from label references (HO)
Package: hycolor 2016/05/16 v1.8 Color options for hyperref/bookmark (HO)
)
(/Users/isaiahnyabuto/Library/TinyTeX/texmf-dist/tex/latex/oberdiek/auxhook.sty
Package: auxhook 2016/05/16 v1.4 Hooks for auxiliary files (HO)
)
\@linkdim=\dimen147
\Hy@linkcounter=\count272
\Hy@pagecounter=\count273
(/Users/isaiahnyabuto/Library/TinyTeX/texmf-dist/tex/latex/hyperref/pd1enc.def
File: pd1enc.def 2019/06/12 v6.88h Hyperref: PDFDocEncoding definition (HO)
)
\Hy@SavedSpaceFactor=\count274

(/Users/isaiahnyabuto/Library/TinyTeX/texmf-dist/tex/latex/latexconfig/hyperref
.cfg
File: hyperref.cfg 2002/06/06 v1.2 hyperref configuration of TeXLive
)
Package hyperref Info: Option `unicode' set `true' on input line 4424.
(/Users/isaiahnyabuto/Library/TinyTeX/texmf-dist/tex/latex/hyperref/puenc.def
File: puenc.def 2019/06/12 v6.88h Hyperref: PDF Unicode definition (HO)
)
Package hyperref Info: Hyper figures OFF on input line 4550.
Package hyperref Info: Link nesting OFF on input line 4555.
Package hyperref Info: Hyper index ON on input line 4558.
Package hyperref Info: Plain pages OFF on input line 4565.
Package hyperref Info: Backreferencing OFF on input line 4570.
Package hyperref Info: Implicit mode ON; LaTeX internals redefined.
Package hyperref Info: Bookmarks ON on input line 4803.
\c@Hy@tempcnt=\count275
(/Users/isaiahnyabuto/Library/TinyTeX/texmf-dist/tex/latex/url/url.sty
\Urlmuskip=\muskip18
Package: url 2013/09/16  ver 3.4  Verb mode for urls, etc.
)
LaTeX Info: Redefining \url on input line 5156.
\XeTeXLinkMargin=\dimen148
\Fld@menulength=\count276
\Field@Width=\dimen149
\Fld@charsize=\dimen150
Package hyperref Info: Hyper figures OFF on input line 6411.
Package hyperref Info: Link nesting OFF on input line 6416.
Package hyperref Info: Hyper index ON on input line 6419.
Package hyperref Info: backreferencing OFF on input line 6426.
Package hyperref Info: Link coloring OFF on input line 6431.
Package hyperref Info: Link coloring with OCG OFF on input line 6436.
Package hyperref Info: PDF/A mode OFF on input line 6441.
LaTeX Info: Redefining \ref on input line 6481.
LaTeX Info: Redefining \pageref on input line 6485.
\Hy@abspage=\count277
\c@Item=\count278
\c@Hfootnote=\count279
)
Package hyperref Info: Driver (autodetected): hxetex.
(/Users/isaiahnyabuto/Library/TinyTeX/texmf-dist/tex/latex/hyperref/hxetex.def
File: hxetex.def 2019/06/12 v6.88h Hyperref driver for XeTeX

(/Users/isaiahnyabuto/Library/TinyTeX/texmf-dist/tex/generic/oberdiek/stringenc
.sty
Package: stringenc 2016/05/16 v1.11 Convert strings between diff. encodings (HO
)
)
\pdfm@box=\box48
\c@Hy@AnnotLevel=\count280
\HyField@AnnotCount=\count281
\Fld@listcount=\count282
\c@bookmark@seq@number=\count283

(/Users/isaiahnyabuto/Library/TinyTeX/texmf-dist/tex/latex/oberdiek/rerunfilech
eck.sty
Package: rerunfilecheck 2016/05/16 v1.8 Rerun checks for auxiliary files (HO)
Package uniquecounter Info: New unique counter `rerunfilecheck' on input line 2
82.
)
\Hy@SectionHShift=\skip52
)
Package hyperref Info: Option `breaklinks' set `true' on input line 35.
(/Users/isaiahnyabuto/Library/TinyTeX/texmf-dist/tex/latex/tools/longtable.sty
Package: longtable 2014/10/28 v4.11 Multi-page Table package (DPC)+ FMi change
\LTleft=\skip53
\LTright=\skip54
\LTpre=\skip55
\LTpost=\skip56
\LTchunksize=\count284
\LTcapwidth=\dimen151
\LT@head=\box49
\LT@firsthead=\box50
\LT@foot=\box51
\LT@lastfoot=\box52
\LT@cols=\count285
\LT@rows=\count286
\c@LT@tables=\count287
\c@LT@chunks=\count288
\LT@p@ftn=\toks21
)
(/Users/isaiahnyabuto/Library/TinyTeX/texmf-dist/tex/latex/booktabs/booktabs.st
y
Package: booktabs 2016/04/27 v1.618033 publication quality tables
\heavyrulewidth=\dimen152
\lightrulewidth=\dimen153
\cmidrulewidth=\dimen154
\belowrulesep=\dimen155
\belowbottomsep=\dimen156
\aboverulesep=\dimen157
\abovetopsep=\dimen158
\cmidrulesep=\dimen159
\cmidrulekern=\dimen160
\defaultaddspace=\dimen161
\@cmidla=\count289
\@cmidlb=\count290
\@aboverulesep=\dimen162
\@belowrulesep=\dimen163
\@thisruleclass=\count291
\@lastruleclass=\count292
\@thisrulewidth=\dimen164
)
(/Users/isaiahnyabuto/Library/TinyTeX/texmf-dist/tex/latex/graphics/graphicx.st
y
Package: graphicx 2017/06/01 v1.1a Enhanced LaTeX Graphics (DPC,SPQR)

(/Users/isaiahnyabuto/Library/TinyTeX/texmf-dist/tex/latex/graphics/graphics.st
y
Package: graphics 2017/06/25 v1.2c Standard LaTeX Graphics (DPC,SPQR)
(/Users/isaiahnyabuto/Library/TinyTeX/texmf-dist/tex/latex/graphics/trig.sty
Package: trig 2016/01/03 v1.10 sin cos tan (DPC)
)
(/Users/isaiahnyabuto/Library/TinyTeX/texmf-dist/tex/latex/graphics-cfg/graphic
s.cfg
File: graphics.cfg 2016/06/04 v1.11 sample graphics configuration
)
Package graphics Info: Driver file: xetex.def on input line 99.

(/Users/isaiahnyabuto/Library/TinyTeX/texmf-dist/tex/latex/graphics-def/xetex.d
ef
File: xetex.def 2017/06/24 v5.0h Graphics/color driver for xetex
))
\Gin@req@height=\dimen165
\Gin@req@width=\dimen166
)
(/Users/isaiahnyabuto/Library/TinyTeX/texmf-dist/tex/latex/oberdiek/grffile.sty
Package: grffile 2017/06/30 v1.18 Extended file name support for graphics (HO)
Package grffile Info: Option `multidot' is set to `true'.
Package grffile Info: Option `extendedchars' is set to `false'.
Package grffile Info: Option `space' is set to `true'.
Package grffile Info: \Gin@ii of package `graphicx' fixed on input line 494.
) (/Users/isaiahnyabuto/Library/TinyTeX/texmf-dist/tex/latex/amscls/amsthm.sty
Package: amsthm 2017/10/31 v2.20.4
\thm@style=\toks22
\thm@bodyfont=\toks23
\thm@headfont=\toks24
\thm@notefont=\toks25
\thm@headpunct=\toks26
\thm@preskip=\skip57
\thm@postskip=\skip58
\thm@headsep=\skip59
\dth@everypar=\toks27
) (/Users/isaiahnyabuto/Library/TinyTeX/texmf-dist/tex/latex/titling/titling.st
y
Package: titling 2009/09/04 v2.1d maketitle typesetting
\thanksmarkwidth=\skip60
\thanksmargin=\skip61
\droptitle=\skip62
) (/Users/isaiahnyabuto/Library/TinyTeX/texmf-dist/tex/latex/natbib/natbib.sty
Package: natbib 2010/09/13 8.31b (PWD, AO)
\bibhang=\skip63
\bibsep=\skip64
LaTeX Info: Redefining \cite on input line 694.
\c@NAT@ctr=\count293
) (./im-data-hub.aux)
\openout1 = `im-data-hub.aux'.

LaTeX Font Info:    Checking defaults for OML/cmm/m/it on input line 105.
LaTeX Font Info:    ... okay on input line 105.
LaTeX Font Info:    Checking defaults for T1/cmr/m/n on input line 105.
LaTeX Font Info:    ... okay on input line 105.
LaTeX Font Info:    Checking defaults for OT1/cmr/m/n on input line 105.
LaTeX Font Info:    ... okay on input line 105.
LaTeX Font Info:    Checking defaults for OMS/cmsy/m/n on input line 105.
LaTeX Font Info:    ... okay on input line 105.
LaTeX Font Info:    Checking defaults for TU/lmr/m/n on input line 105.
LaTeX Font Info:    ... okay on input line 105.
LaTeX Font Info:    Checking defaults for OMX/cmex/m/n on input line 105.
LaTeX Font Info:    ... okay on input line 105.
LaTeX Font Info:    Checking defaults for U/cmr/m/n on input line 105.
LaTeX Font Info:    ... okay on input line 105.
LaTeX Font Info:    Checking defaults for TS1/cmr/m/n on input line 105.
LaTeX Font Info:    ... okay on input line 105.
LaTeX Font Info:    Checking defaults for PD1/pdf/m/n on input line 105.
LaTeX Font Info:    ... okay on input line 105.
LaTeX Font Info:    Checking defaults for PU/pdf/m/n on input line 105.
LaTeX Font Info:    ... okay on input line 105.
LaTeX Font Info:    Overwriting math alphabet `\mathrm' in version `normal'
(Font)                  OT1/lmr/m/n --> TU/lmr/m/n on input line 105.
LaTeX Font Info:    Overwriting math alphabet `\mathit' in version `normal'
(Font)                  OT1/lmr/m/it --> TU/lmr/m/it on input line 105.
LaTeX Font Info:    Overwriting math alphabet `\mathbf' in version `normal'
(Font)                  OT1/lmr/bx/n --> TU/lmr/bx/n on input line 105.
LaTeX Font Info:    Overwriting math alphabet `\mathsf' in version `normal'
(Font)                  OT1/lmss/m/n --> TU/lmss/m/n on input line 105.
LaTeX Font Info:    Overwriting math alphabet `\mathsf' in version `bold'
(Font)                  OT1/lmss/bx/n --> TU/lmss/bx/n on input line 105.
LaTeX Font Info:    Overwriting math alphabet `\mathtt' in version `normal'
(Font)                  OT1/lmtt/m/n --> TU/lmtt/m/n on input line 105.
LaTeX Font Info:    Overwriting math alphabet `\mathtt' in version `bold'
(Font)                  OT1/lmtt/m/n --> TU/lmtt/bx/n on input line 105.

Package fontspec Info: latinmodern-math scale = 1.


Package fontspec Info: latinmodern-math scale = 1.


Package fontspec Info: latinmodern-math scale = 1.


Package fontspec Info: Font family 'latinmodern-math.otf(0)' created for font
(fontspec)             'latinmodern-math.otf' with options
(fontspec)             [Ligatures=TeX,Scale=MatchLowercase,BoldItalicFont={},It
alicFont={},SmallCapsFont={},Script=Math,BoldFont={latinmodern-math.otf}].
(fontspec)              
(fontspec)              This font family consists of the following NFSS
(fontspec)             series/shapes:
(fontspec)              
(fontspec)             - 'normal' (m/n) with NFSS spec.:
(fontspec)             <->s*[1]"[latinmodern-math.otf]/OT:script=math;language=
DFLT;mapping=tex-text;"
(fontspec)             - 'small caps'  (m/sc) with NFSS spec.: 
(fontspec)             - 'bold' (bx/n) with NFSS spec.:
(fontspec)             <->s*[1]"[latinmodern-math.otf]/OT:script=math;language=
DFLT;mapping=tex-text;"
(fontspec)             - 'bold small caps'  (bx/sc) with NFSS spec.: 

LaTeX Font Info:    Font shape `TU/latinmodern-math.otf(0)/m/n' will be
(Font)              scaled to size 10.0pt on input line 105.

Package fontspec Info: latinmodern-math scale = 1.


Package fontspec Info: latinmodern-math scale = 1.


Package fontspec Info: latinmodern-math scale = 1.


Package fontspec Info: latinmodern-math scale = 1.


Package fontspec Info: latinmodern-math scale = 1.


Package fontspec Info: Font family 'latinmodern-math.otf(1)' created for font
(fontspec)             'latinmodern-math.otf' with options
(fontspec)             [Ligatures=TeX,Scale=MatchLowercase,BoldItalicFont={},It
alicFont={},SmallCapsFont={},Script=Math,SizeFeatures={{Size=8.5-},{Size=6-8.5,
Font=latinmodern-math.otf,Style=MathScript},{Size=-6,Font=latinmodern-math.otf,
Style=MathScriptScript}},BoldFont={latinmodern-math.otf}].
(fontspec)              
(fontspec)              This font family consists of the following NFSS
(fontspec)             series/shapes:
(fontspec)              
(fontspec)             - 'normal' (m/n) with NFSS spec.:
(fontspec)             <8.5->s*[1]"[latinmodern-math.otf]/OT:script=math;langua
ge=DFLT;mapping=tex-text;"<6-8.5>s*[1]"[latinmodern-math.otf]/OT:script=math;la
nguage=DFLT;+ssty=0;mapping=tex-text;"<-6>s*[1]"[latinmodern-math.otf]/OT:scrip
t=math;language=DFLT;+ssty=1;mapping=tex-text;"
(fontspec)             - 'small caps'  (m/sc) with NFSS spec.: 
(fontspec)             - 'bold' (bx/n) with NFSS spec.:
(fontspec)             <->s*[1]"[latinmodern-math.otf]/OT:script=math;language=
DFLT;mapping=tex-text;"
(fontspec)             - 'bold small caps'  (bx/sc) with NFSS spec.: 

LaTeX Font Info:    Font shape `TU/latinmodern-math.otf(1)/m/n' will be
(Font)              scaled to size 10.0pt on input line 105.
LaTeX Font Info:    Encoding `OT1' has changed to `TU' for symbol font
(Font)              `operators' in the math version `normal' on input line 105.

LaTeX Font Info:    Overwriting symbol font `operators' in version `normal'
(Font)                  OT1/lmr/m/n --> TU/latinmodern-math.otf(1)/m/n on input
 line 105.
LaTeX Font Info:    Encoding `OT1' has changed to `TU' for symbol font
(Font)              `operators' in the math version `bold' on input line 105.
LaTeX Font Info:    Overwriting symbol font `operators' in version `bold'
(Font)                  OT1/lmr/bx/n --> TU/latinmodern-math.otf(1)/bx/n on inp
ut line 105.

Package fontspec Info: latinmodern-math scale = 1.


Package fontspec Info: latinmodern-math scale = 1.0001.


Package fontspec Info: latinmodern-math scale = 1.


Package fontspec Info: latinmodern-math scale = 1.0001.


Package fontspec Info: latinmodern-math scale = 1.


Package fontspec Info: latinmodern-math scale = 1.0001.


Package fontspec Info: latinmodern-math scale = 1.


Package fontspec Info: latinmodern-math scale = 1.0001.


Package fontspec Info: latinmodern-math scale = 1.


Package fontspec Info: latinmodern-math scale = 1.0001.


Package fontspec Info: Font family 'latinmodern-math.otf(2)' created for font
(fontspec)             'latinmodern-math.otf' with options
(fontspec)             [Ligatures=TeX,Scale=MatchLowercase,BoldItalicFont={},It
alicFont={},SmallCapsFont={},Script=Math,SizeFeatures={{Size=8.5-},{Size=6-8.5,
Font=latinmodern-math.otf,Style=MathScript},{Size=-6,Font=latinmodern-math.otf,
Style=MathScriptScript}},BoldFont={latinmodern-math.otf},ScaleAgain=1.0001,Font
Adjustment={\fontdimen
(fontspec)             8\font =6.77pt\relax \fontdimen 9\font =3.94pt\relax
(fontspec)             \fontdimen 10\font =4.44pt\relax \fontdimen 11\font
(fontspec)             =6.86pt\relax \fontdimen 12\font =3.45pt\relax
(fontspec)             \fontdimen 13\font =3.63pt\relax \fontdimen 14\font
(fontspec)             =3.63pt\relax \fontdimen 15\font =2.89pt\relax
(fontspec)             \fontdimen 16\font =2.47pt\relax \fontdimen 17\font
(fontspec)             =2.47pt\relax \fontdimen 18\font =2.5pt\relax
(fontspec)             \fontdimen 19\font =2.0pt\relax \fontdimen 22\font
(fontspec)             =2.5pt\relax \fontdimen 20\font =0pt\relax \fontdimen
(fontspec)             21\font =0pt\relax }].
(fontspec)              
(fontspec)              This font family consists of the following NFSS
(fontspec)             series/shapes:
(fontspec)              
(fontspec)             - 'normal' (m/n) with NFSS spec.:
(fontspec)             <8.5->s*[1.0001]"[latinmodern-math.otf]/OT:script=math;l
anguage=DFLT;mapping=tex-text;"<6-8.5>s*[1.0001]"[latinmodern-math.otf]/OT:scri
pt=math;language=DFLT;+ssty=0;mapping=tex-text;"<-6>s*[1.0001]"[latinmodern-mat
h.otf]/OT:script=math;language=DFLT;+ssty=1;mapping=tex-text;"
(fontspec)             - 'small caps'  (m/sc) with NFSS spec.: 
(fontspec)             and font adjustment code:
(fontspec)             \fontdimen 8\font =6.77pt\relax \fontdimen 9\font
(fontspec)             =3.94pt\relax \fontdimen 10\font =4.44pt\relax
(fontspec)             \fontdimen 11\font =6.86pt\relax \fontdimen 12\font
(fontspec)             =3.45pt\relax \fontdimen 13\font =3.63pt\relax
(fontspec)             \fontdimen 14\font =3.63pt\relax \fontdimen 15\font
(fontspec)             =2.89pt\relax \fontdimen 16\font =2.47pt\relax
(fontspec)             \fontdimen 17\font =2.47pt\relax \fontdimen 18\font
(fontspec)             =2.5pt\relax \fontdimen 19\font =2.0pt\relax \fontdimen
(fontspec)             22\font =2.5pt\relax \fontdimen 20\font =0pt\relax
(fontspec)             \fontdimen 21\font =0pt\relax 
(fontspec)             - 'bold' (bx/n) with NFSS spec.:
(fontspec)             <->s*[1.0001]"[latinmodern-math.otf]/OT:script=math;lang
uage=DFLT;mapping=tex-text;"
(fontspec)             - 'bold small caps'  (bx/sc) with NFSS spec.: 
(fontspec)             and font adjustment code:
(fontspec)             \fontdimen 8\font =6.77pt\relax \fontdimen 9\font
(fontspec)             =3.94pt\relax \fontdimen 10\font =4.44pt\relax
(fontspec)             \fontdimen 11\font =6.86pt\relax \fontdimen 12\font
(fontspec)             =3.45pt\relax \fontdimen 13\font =3.63pt\relax
(fontspec)             \fontdimen 14\font =3.63pt\relax \fontdimen 15\font
(fontspec)             =2.89pt\relax \fontdimen 16\font =2.47pt\relax
(fontspec)             \fontdimen 17\font =2.47pt\relax \fontdimen 18\font
(fontspec)             =2.5pt\relax \fontdimen 19\font =2.0pt\relax \fontdimen
(fontspec)             22\font =2.5pt\relax \fontdimen 20\font =0pt\relax
(fontspec)             \fontdimen 21\font =0pt\relax 

LaTeX Font Info:    Encoding `OMS' has changed to `TU' for symbol font
(Font)              `symbols' in the math version `normal' on input line 105.
LaTeX Font Info:    Overwriting symbol font `symbols' in version `normal'
(Font)                  OMS/lmsy/m/n --> TU/latinmodern-math.otf(2)/m/n on inpu
t line 105.
LaTeX Font Info:    Encoding `OMS' has changed to `TU' for symbol font
(Font)              `symbols' in the math version `bold' on input line 105.
LaTeX Font Info:    Overwriting symbol font `symbols' in version `bold'
(Font)                  OMS/lmsy/b/n --> TU/latinmodern-math.otf(2)/bx/n on inp
ut line 105.

Package fontspec Info: latinmodern-math scale = 1.


Package fontspec Info: latinmodern-math scale = 0.9999.


Package fontspec Info: latinmodern-math scale = 1.


Package fontspec Info: latinmodern-math scale = 0.9999.


Package fontspec Info: latinmodern-math scale = 1.


Package fontspec Info: latinmodern-math scale = 0.9999.


Package fontspec Info: latinmodern-math scale = 1.


Package fontspec Info: latinmodern-math scale = 0.9999.


Package fontspec Info: latinmodern-math scale = 1.


Package fontspec Info: latinmodern-math scale = 0.9999.


Package fontspec Info: Font family 'latinmodern-math.otf(3)' created for font
(fontspec)             'latinmodern-math.otf' with options
(fontspec)             [Ligatures=TeX,Scale=MatchLowercase,BoldItalicFont={},It
alicFont={},SmallCapsFont={},Script=Math,SizeFeatures={{Size=8.5-},{Size=6-8.5,
Font=latinmodern-math.otf,Style=MathScript},{Size=-6,Font=latinmodern-math.otf,
Style=MathScriptScript}},BoldFont={latinmodern-math.otf},ScaleAgain=0.9999,Font
Adjustment={\fontdimen
(fontspec)             8\font =0.4pt\relax \fontdimen 9\font =2.0pt\relax
(fontspec)             \fontdimen 10\font =1.67pt\relax \fontdimen 11\font
(fontspec)             =1.11pt\relax \fontdimen 12\font =6.0pt\relax
(fontspec)             \fontdimen 13\font =0pt\relax }].
(fontspec)              
(fontspec)              This font family consists of the following NFSS
(fontspec)             series/shapes:
(fontspec)              
(fontspec)             - 'normal' (m/n) with NFSS spec.:
(fontspec)             <8.5->s*[0.9999]"[latinmodern-math.otf]/OT:script=math;l
anguage=DFLT;mapping=tex-text;"<6-8.5>s*[0.9999]"[latinmodern-math.otf]/OT:scri
pt=math;language=DFLT;+ssty=0;mapping=tex-text;"<-6>s*[0.9999]"[latinmodern-mat
h.otf]/OT:script=math;language=DFLT;+ssty=1;mapping=tex-text;"
(fontspec)             - 'small caps'  (m/sc) with NFSS spec.: 
(fontspec)             and font adjustment code:
(fontspec)             \fontdimen 8\font =0.4pt\relax \fontdimen 9\font
(fontspec)             =2.0pt\relax \fontdimen 10\font =1.67pt\relax
(fontspec)             \fontdimen 11\font =1.11pt\relax \fontdimen 12\font
(fontspec)             =6.0pt\relax \fontdimen 13\font =0pt\relax 
(fontspec)             - 'bold' (bx/n) with NFSS spec.:
(fontspec)             <->s*[0.9999]"[latinmodern-math.otf]/OT:script=math;lang
uage=DFLT;mapping=tex-text;"
(fontspec)             - 'bold small caps'  (bx/sc) with NFSS spec.: 
(fontspec)             and font adjustment code:
(fontspec)             \fontdimen 8\font =0.4pt\relax \fontdimen 9\font
(fontspec)             =2.0pt\relax \fontdimen 10\font =1.67pt\relax
(fontspec)             \fontdimen 11\font =1.11pt\relax \fontdimen 12\font
(fontspec)             =6.0pt\relax \fontdimen 13\font =0pt\relax 

LaTeX Font Info:    Encoding `OMX' has changed to `TU' for symbol font
(Font)              `largesymbols' in the math version `normal' on input line 1
05.
LaTeX Font Info:    Overwriting symbol font `largesymbols' in version `normal'
(Font)                  OMX/lmex/m/n --> TU/latinmodern-math.otf(3)/m/n on inpu
t line 105.
LaTeX Font Info:    Encoding `OMX' has changed to `TU' for symbol font
(Font)              `largesymbols' in the math version `bold' on input line 105
.
LaTeX Font Info:    Overwriting symbol font `largesymbols' in version `bold'
(Font)                  OMX/lmex/m/n --> TU/latinmodern-math.otf(3)/bx/n on inp
ut line 105.
\AtBeginShipoutBox=\box53
Package hyperref Info: Link coloring OFF on input line 105.

(/Users/isaiahnyabuto/Library/TinyTeX/texmf-dist/tex/latex/hyperref/nameref.sty
Package: nameref 2016/05/21 v2.44 Cross-referencing by name of section

(/Users/isaiahnyabuto/Library/TinyTeX/texmf-dist/tex/generic/oberdiek/gettitles
tring.sty
Package: gettitlestring 2016/05/16 v1.5 Cleanup title references (HO)
)
\c@section@level=\count294
)
LaTeX Info: Redefining \ref on input line 105.
LaTeX Info: Redefining \pageref on input line 105.
LaTeX Info: Redefining \nameref on input line 105.
(./im-data-hub.out) (./im-data-hub.out)
\@outlinefile=\write3
\openout3 = `im-data-hub.out'.

[1


] [2

] (./im-data-hub.toc
LaTeX Font Info:    Font shape `TU/latinmodern-math.otf(1)/m/n' will be
(Font)              scaled to size 7.0pt on input line 3.
LaTeX Font Info:    Font shape `TU/latinmodern-math.otf(1)/m/n' will be
(Font)              scaled to size 5.0pt on input line 3.
LaTeX Font Info:    Try loading font information for OML+lmm on input line 3.
(/Users/isaiahnyabuto/Library/TinyTeX/texmf-dist/tex/latex/lm/omllmm.fd
File: omllmm.fd 2009/10/30 v1.6 Font defs for Latin Modern
)
LaTeX Font Info:    Font shape `TU/latinmodern-math.otf(2)/m/n' will be
(Font)              scaled to size 10.00107pt on input line 3.
LaTeX Font Info:    Font shape `TU/latinmodern-math.otf(2)/m/n' will be
(Font)              scaled to size 7.00075pt on input line 3.
LaTeX Font Info:    Font shape `TU/latinmodern-math.otf(2)/m/n' will be
(Font)              scaled to size 5.00053pt on input line 3.
LaTeX Font Info:    Font shape `TU/latinmodern-math.otf(3)/m/n' will be
(Font)              scaled to size 9.99893pt on input line 3.
LaTeX Font Info:    Font shape `TU/latinmodern-math.otf(3)/m/n' will be
(Font)              scaled to size 6.99925pt on input line 3.
LaTeX Font Info:    Font shape `TU/latinmodern-math.otf(3)/m/n' will be
(Font)              scaled to size 4.99947pt on input line 3.
LaTeX Font Info:    Try loading font information for U+msa on input line 3.
(/Users/isaiahnyabuto/Library/TinyTeX/texmf-dist/tex/latex/amsfonts/umsa.fd
File: umsa.fd 2013/01/14 v3.01 AMS symbols A
)
LaTeX Font Info:    Try loading font information for U+msb on input line 3.
(/Users/isaiahnyabuto/Library/TinyTeX/texmf-dist/tex/latex/amsfonts/umsb.fd
File: umsb.fd 2013/01/14 v3.01 AMS symbols B
) [3])
\tf@toc=\write4
\openout4 = `im-data-hub.toc'.

File: ./images/logo1.png Graphic file (type bmp)
<./images/logo1.png>
File: ./images/logo2.png Graphic file (type bmp)
<./images/logo2.png>

Overfull \hbox (83.56096pt too wide) in paragraph at lines 114--115
[][] 
 []

[4]
File: ./images/logo1.png Graphic file (type bmp)
<./images/logo1.png>
File: ./images/logo2.png Graphic file (type bmp)
<./images/logo2.png>

Overfull \hbox (83.56096pt too wide) in paragraph at lines 122--123
[][] 
 []

[5

] [6] [7

] [8] [9] [10

]
Chapter 1.

Underfull \vbox (badness 2111) has occurred while \output is active []

[11] [12]
Chapter 2.
[13

]
File: ./images/data-entry-app.png Graphic file (type bmp)
<./images/data-entry-app.png>
File: ./images/im datasets.png Graphic file (type bmp)
<./images/im datasets.png>

Overfull \hbox (485.61679pt too wide) in paragraph at lines 416--416
[]\TU/lmr/m/n/10 datasets.bb [] 
 []


LaTeX Warning: Float too large for page by 24.06325pt on input line 417.

LaTeX Font Info:    Font shape `TU/lmtt/bx/n' in size <10> not available
(Font)              Font shape `TU/lmtt/b/n' tried instead on input line 431.
[14] [15]
File: ./images/data-entry-app2.png Graphic file (type bmp)
<./images/data-entry-app2.png>

Overfull \hbox (207.09795pt too wide) in paragraph at lines 441--442
[][] 
 []

File: ./images/test-world.png Graphic file (type bmp)
<./images/test-world.png>

Underfull \vbox (badness 1571) has occurred while \output is active []

[16]
File: ./images/im-reporting.png Graphic file (type bmp)
<./images/im-reporting.png>

Overfull \hbox (282.37444pt too wide) in paragraph at lines 461--462
[][] 
 []

File: ./images/data-entry.png Graphic file (type bmp)
<./images/data-entry.png>

Overfull \hbox (1191.91238pt too wide) in paragraph at lines 471--471
[][] 
 []


LaTeX Warning: Float too large for page by 24.07414pt on input line 472.

File: ./images/pmp datasets.png Graphic file (type bmp)
<./images/pmp datasets.png>

Overfull \hbox (18.77966pt too wide) in paragraph at lines 487--487
[]\TU/lmr/m/n/10 datasets.bb [] 
 []


LaTeX Warning: Float too large for page by 24.05217pt on input line 488.

[17] [18] [19]
File: ./images/pivot-table.png Graphic file (type bmp)
<./images/pivot-table.png>

Overfull \hbox (210.10939pt too wide) in paragraph at lines 554--554
[][] 
 []

[20]
File: ./images/pivot-table2.png Graphic file (type bmp)
<./images/pivot-table2.png>

Overfull \hbox (653.7954pt too wide) in paragraph at lines 564--564
[][] 
 []

File: ./images/pivot-table2.png Graphic file (type bmp)
<./images/pivot-table2.png>

Overfull \hbox (653.7954pt too wide) in paragraph at lines 570--570
[][] 
 []

File: ./images/pivot-table3.png Graphic file (type bmp)
<./images/pivot-table3.png>

Overfull \hbox (257.30704pt too wide) in paragraph at lines 586--586
[][] 
 []

[21] [22] [23] [24]
File: ./images/visualizer.png Graphic file (type bmp)
<./images/visualizer.png>

Overfull \hbox (829.33386pt too wide) in paragraph at lines 624--624
[][] 
 []


LaTeX Warning: Float too large for page by 24.08826pt on input line 625.

File: ./images/visualizer2.png Graphic file (type bmp)
<./images/visualizer2.png>

Overfull \hbox (720.14pt too wide) in paragraph at lines 630--630
[][] 
 []


LaTeX Warning: Float too large for page by 24.0757pt on input line 631.

File: ./images/maps2.png Graphic file (type bmp)
<./images/maps2.png>

Overfull \hbox (199.07576pt too wide) in paragraph at lines 650--650
[][] 
 []

File: ./images/map.png Graphic file (type bmp)
<./images/map.png>
File: ./images/maps1.png Graphic file (type bmp)
<./images/maps1.png>

Overfull \hbox (316.71945pt too wide) in paragraph at lines 669--669
[][] 
 []


LaTeX Warning: Float too large for page by 24.06052pt on input line 670.

File: ./images/maps.png Graphic file (type bmp)
<./images/maps.png>

Overfull \hbox (256.3032pt too wide) in paragraph at lines 675--675
[][] 
 []

[25] [26] [27] [28] [29] [30] [31] [32

]
Chapter 3.
[33] [34]
Underfull \hbox (badness 1117) in paragraph at lines 799--800
[]\TU/lmr/m/n/10 Total number of suspected malaria cases who received a parasit
ological
 []


Underfull \hbox (badness 10000) in paragraph at lines 833--834
\TU/lmr/m/n/10 : #{N6j1f9LZiLf} + #{BAZd7D3zQHN} + #{zsUZQV4CAd6} +
 []


Underfull \hbox (badness 1297) in paragraph at lines 835--836
[]\TU/lmr/m/n/10 Total number of suspected cases of malariaid : #{eHWYhy8vO8q} 
+
 []

[35]
Underfull \hbox (badness 1231) in paragraph at lines 869--870
\TU/lmr/m/n/10 classifying cases according to global standardsid : #{Grnm6jdzAJ
I} +
 []


Underfull \hbox (badness 1377) in paragraph at lines 871--872
\TU/lmr/m/n/10 #{SZKdCBFJd96} + #{blbz5pmEqoF} + #{pgsaevmKtbM} + #{ytb-
 []

[36]
Underfull \hbox (badness 1953) in paragraph at lines 905--906
\TU/lmr/m/n/10 lists for diagnosis during supervisory visitsid : #{DTdMcXDeHFj}
 +
 []

[37]
Underfull \hbox (badness 5022) in paragraph at lines 943--944
[]\TU/lmr/m/n/10 Total number of targeted health workersid : #{opuW5lGx2Cc} +
 []


Underfull \hbox (badness 5022) in paragraph at lines 955--956
[]\TU/lmr/m/n/10 Total number of targeted health workersid : #{opuW5lGx2Cc} +
 []


Underfull \hbox (badness 5203) in paragraph at lines 965--966
[]\TU/lmr/m/n/10 Number of supervisors trained in supervision of malaria diagno
stic-
 []


Underfull \hbox (badness 2662) in paragraph at lines 965--966
\TU/lmr/m/n/10 sid : #{RnEg1HPF7IR} + #{hbEgIBy1bIf} + #{zlWYhVAouup} +
 []


Overfull \hbox (12.88393pt too wide) in paragraph at lines 967--968
[]\TU/lmr/m/n/10 Total number of targeted supervisorsid : #{cGXuIzDaAEP} + #{MF
pS8w5h9XS}
 []

[38]
Underfull \hbox (badness 1237) in paragraph at lines 977--978
[]\TU/lmr/m/n/10 Number of supervisors trained in supervision of malaria diagno
sticsid :
 []


Underfull \hbox (badness 1147) in paragraph at lines 977--978
\TU/lmr/m/n/10 #{rvPl8m8kted} + #{sRz3zlhaJrH} + #{jZmH2n22eJf} + #{oFiMCw-
 []


Overfull \hbox (12.88393pt too wide) in paragraph at lines 979--980
[]\TU/lmr/m/n/10 Total number of targeted supervisorsid : #{cGXuIzDaAEP} + #{MF
pS8w5h9XS}
 []

[39]
Underfull \hbox (badness 1281) in paragraph at lines 1039--1040
[]\TU/lmr/m/n/10 Number of pregnant women who received two doses of IPTp (IPT2)
id
 []


Underfull \hbox (badness 6173) in paragraph at lines 1039--1040
\TU/lmr/m/n/10 : #{Y73pLgWXfTh} + #{LF9PqTGXhBc} + #{inFlJdtBRGo} +
 []


Underfull \hbox (badness 2790) in paragraph at lines 1051--1052
\TU/lmr/m/n/10 #{i5xgliv1YDl} + #{qk8A67ySRR0} + #{jrvQeHC4vrr} + #{uuWS-
 []

[40]
Underfull \hbox (badness 1852) in paragraph at lines 1087--1088
[]\TU/lmr/m/n/10 Number of health workers who complete the training course on I
PT-
 []


Underfull \hbox (badness 3386) in paragraph at lines 1087--1088
\TU/lmr/m/n/10 pid : #{yQ11Q5pQ2lx} + #{CxioZ7hV8e9} + #{eEITioVuAGg} +
 []


Underfull \hbox (badness 5231) in paragraph at lines 1089--1090
[]\TU/lmr/m/n/10 Total number of targeted health workersid : #{yoNR9Ct37gT} +
 []

[41]
Underfull \hbox (badness 2478) in paragraph at lines 1127--1128
[]\TU/lmr/m/n/10 Number of children in target age range in the intervention are
aid :
 []


Underfull \hbox (badness 2478) in paragraph at lines 1139--1140
[]\TU/lmr/m/n/10 Number of children in target age range in the intervention are
aid :
 []

[42]
Underfull \hbox (badness 2478) in paragraph at lines 1151--1152
[]\TU/lmr/m/n/10 Number of children in target age range in the intervention are
aid :
 []


Underfull \hbox (badness 2478) in paragraph at lines 1163--1164
[]\TU/lmr/m/n/10 Number of children in target age range in the intervention are
aid :
 []


Underfull \hbox (badness 2478) in paragraph at lines 1175--1176
[]\TU/lmr/m/n/10 Number of children in target age range in the intervention are
aid :
 []


Underfull \hbox (badness 2478) in paragraph at lines 1187--1188
[]\TU/lmr/m/n/10 Number of children in target age range in the intervention are
aid :
 []

[43]
Overfull \hbox (8.96501pt too wide) in paragraph at lines 1211--1212
[]\TU/lmr/m/n/10 Total number of targeted countries anticipated to have plansid
 : #{gN3w6Jx7q5h} 
 []


Underfull \hbox (badness 1796) in paragraph at lines 1235--1236
\TU/lmr/m/n/10 case studies, peer-reviewed publications, webinars, oral/poster 
presenta-
 []

[44] [45]
Underfull \hbox (badness 2065) in paragraph at lines 1321--1322
[]\TU/lmr/m/n/10 Number of reported uncomplicated malaria cases that receive th
e ap-
 []


Underfull \hbox (badness 1348) in paragraph at lines 1321--1322
\TU/lmr/m/n/10 propriate first-line antimalarial treatment (NP)id : #{RYl937S07
k0} +
 []


Underfull \hbox (badness 4072) in paragraph at lines 1323--1324
[]\TU/lmr/m/n/10 Total number of reported malaria cases during reporting period
id :
 []


Overfull \hbox (37.5989pt too wide) in paragraph at lines 1323--1324
\TU/lmr/m/n/10 #{sZoMIJ8KFiw}+#{RnZK9U6WoAm}+ #{WuWNNgy0A1Z} + #{rKatBh8TmW2}
 []

[46]
Underfull \hbox (badness 4072) in paragraph at lines 1335--1336
[]\TU/lmr/m/n/10 Total number of reported malaria cases during reporting period
id :
 []


Underfull \hbox (badness 10000) in paragraph at lines 1335--1336
\TU/lmr/m/n/10 #{CrV5hkFVvdH} + #{qXQ0d9NKQtI} + #{AmUi4XKbJ6X} +
 []


Underfull \hbox (badness 4072) in paragraph at lines 1347--1348
[]\TU/lmr/m/n/10 Total number of reported malaria cases during reporting period
id :
 []

[47]
Underfull \hbox (badness 2253) in paragraph at lines 1381--1382
\TU/lmr/m/n/10 sessment visits measured through direct observation during super
vision
 []


Underfull \hbox (badness 2573) in paragraph at lines 1383--1384
[]\TU/lmr/m/n/10 Health workers assessed on management of positive malaria case
sid :
 []


Underfull \hbox (badness 7273) in paragraph at lines 1383--1384
\TU/lmr/m/n/10 #{Bli6iNQMtP5} + #{w1gYh10blt1} + #{ibu7rlMvF7s} + #{YC-
 []

[48] [49] [50] [51] [52] [53] [54] [55] [56] [57] [58] [59] [60] [61] [62] [63]
[64] [65] [66] [67] [68] [69] [70] [71] [72] [73] [74] [75] [76] [77] [78] [79]
[80] [81] [82] [83] [84] [85] [86]
Chapter 4.
[87

]
Overfull \hbox (11.99748pt too wide) in paragraph at lines 3475--3476
[]\TU/lmr/m/n/10 Country|  
 []


Overfull \hbox (3.14839pt too wide) in alignment at lines 3472--3486
 [] [] [] [] [] 
 []


Overfull \hbox (20.59747pt too wide) in paragraph at lines 3488--3489
[]\TU/lmr/m/n/10 Cameroon|  
 []


Overfull \hbox (8.93747pt too wide) in paragraph at lines 3499--3500
\TU/lmr/m/n/10 dIvoire|  
 []


Overfull \hbox (3.34747pt too wide) in paragraph at lines 3521--3522
[]\TU/lmr/m/n/10 Kenya|  
 []


Overfull \hbox (4.81747pt too wide) in paragraph at lines 3532--3533
[]\TU/lmr/m/n/10 Ghana|  
 []


Overfull \hbox (1.46747pt too wide) in paragraph at lines 3565--3566
[]\TU/lmr/m/n/10 Sierra 
 []


Overfull \hbox (1.53748pt too wide) in paragraph at lines 3565--3566
\TU/lmr/m/n/10 Leone|  
 []


Overfull \hbox (8.34747pt too wide) in paragraph at lines 3576--3577
[]\TU/lmr/m/n/10 Zambia|  
 []


Overfull \hbox (3.14839pt too wide) in alignment at lines 3486--3587
 [] [] [] [] [] 
 []

[88]
Underfull \hbox (badness 3312) in paragraph at lines 3589--3591
[]\TU/lmr/m/n/10 The following is the Metadata endpoint for organization unit l
evels.
 []

[89] [90] [91] [92] [93] [94] [95] [96

]
Chapter 5.
[97] [98] [99] [100] [101] [102

]
Chapter 6.
File: images/hnqis.png Graphic file (type bmp)
<images/hnqis.png>
[103]
Overfull \hbox (10.34563pt too wide) has occurred while \output is active
\TU/lmr/m/n/10 104 \TU/lmr/m/sl/10 CHAPTER 6.  HEALTH NETWORK QUALITY IMPROVEME
NT SYSTEM
 []

[104] [105]
Overfull \hbox (10.34563pt too wide) has occurred while \output is active
\TU/lmr/m/n/10 106 \TU/lmr/m/sl/10 CHAPTER 6.  HEALTH NETWORK QUALITY IMPROVEME
NT SYSTEM
 []

[106]
Chapter 7.
[107

]
Overfull \hbox (56.64122pt too wide) has occurred while \output is active
\TU/lmr/m/n/10 108 \TU/lmr/m/sl/10 CHAPTER 7.  TROUBLESHOOTING AND GETTING HELP
 ON THE IM DATA HUB
 []

[108

]
Underfull \hbox (badness 1418) in paragraph at lines 4310--4313
[]\TU/lmr/m/n/10 DHIS2 Developers guide []$[][][][][] [] [] [] [][][][] [] [][]
[][][] [] [][][] [] [][][][][][] [] [][] [] [][][][][][][][][] []
 []

No file im-data-hub.bbl.
Package atveryend Info: Empty hook `BeforeClearDocument' on input line 4319.
[109]
Package atveryend Info: Empty hook `AfterLastShipout' on input line 4319.
(./im-data-hub.aux)
Package atveryend Info: Empty hook `AtVeryEndDocument' on input line 4319.
Package atveryend Info: Executing hook `AtEndAfterFileList' on input line 4319.

Package rerunfilecheck Info: File `im-data-hub.out' has not changed.
(rerunfilecheck)             Checksum: 468CFB06FC88C445D8F9086AC4E46D06.
 ) 
Here is how much of TeX's memory you used:
 26198 strings out of 494894
 482680 string characters out of 6173843
 691188 words of memory out of 5000000
 29901 multiletter control sequences out of 15000+600000
 535850 words of font info for 60 fonts, out of 8000000 for 9000
 14 hyphenation exceptions out of 8191
 50i,5n,115p,819b,429s stack positions out of 5000i,500n,10000p,200000b,80000s

Output written on im-data-hub.pdf (109 pages).
